<?xml version="1.0" encoding="UTF-8"?>
<!-- Generated by org.testng.reporters.JUnitXMLReporter -->
<testsuite hostname="DESKTOP-O9TE197" ignored="0" name="Command line test" tests="10" failures="1" timestamp="12 Jun 2022 11:16:59 GMT" time="8.886" errors="0">
  <testcase name="testCreateInvalidProductFails" time="3.469" classname="com.chefaa.bestbuy.test.CreateProductTest"/>
  <testcase name="testCreateValidProductSucceeds" time="1.804" classname="com.chefaa.bestbuy.test.CreateProductTest"/>
  <testcase name="updateInValidProduct" time="0.078" classname="com.chefaa.bestbuy.test.UpdateProductTest"/>
  <testcase name="updateProductSucceeds" time="0.288" classname="com.chefaa.bestbuy.test.UpdateProductTest"/>
  <testcase name="testDeleteProduct" time="0.126" classname="com.chefaa.bestbuy.test.DeleteProductTest"/>
  <testcase name="testInValidDeleteProduct" time="0.029" classname="com.chefaa.bestbuy.test.DeleteProductTest"/>
  <testcase name="getProductByIdSucceeds" time="0.109" classname="com.chefaa.bestbuy.test.GetProducrByIdTest"/>
  <testcase name="testProductsCountIsValid" time="2.066" classname="com.chefaa.bestbuy.test.GetProductsTest">
    <failure type="java.lang.AssertionError" message="1 expectation failed.
JSON path total doesn&amp;apos;t match.
Expected: &amp;lt;51976&amp;gt;
  Actual: &amp;lt;51985&amp;gt;
">
      <![CDATA[java.lang.AssertionError: 1 expectation failed.
JSON path total doesn't match.
Expected: <51976>
  Actual: <51985>

at org.codehaus.groovy.runtime.callsite.ConstructorSite$ConstructorSiteNoUnwrap.callConstructor(ConstructorSite.java:84)
at org.codehaus.groovy.runtime.callsite.CallSiteArray.defaultCallConstructor(CallSiteArray.java:59)
at org.codehaus.groovy.runtime.callsite.AbstractCallSite.callConstructor(AbstractCallSite.java:263)
at org.codehaus.groovy.runtime.callsite.AbstractCallSite.callConstructor(AbstractCallSite.java:277)
at io.restassured.internal.ResponseSpecificationImpl$HamcrestAssertionClosure.validate(ResponseSpecificationImpl.groovy:493)
at io.restassured.internal.ResponseSpecificationImpl$HamcrestAssertionClosure$validate$1.call(Unknown Source)
at io.restassured.internal.ResponseSpecificationImpl.validateResponseIfRequired(ResponseSpecificationImpl.groovy:674)
at org.codehaus.groovy.runtime.callsite.PlainObjectMetaMethodSite.doInvoke(PlainObjectMetaMethodSite.java:43)
at org.codehaus.groovy.runtime.callsite.PogoMetaMethodSite$PogoCachedMethodSiteNoUnwrapNoCoerce.invoke(PogoMetaMethodSite.java:193)
at org.codehaus.groovy.runtime.callsite.PogoMetaMethodSite.callCurrent(PogoMetaMethodSite.java:61)
at org.codehaus.groovy.runtime.callsite.AbstractCallSite.callCurrent(AbstractCallSite.java:185)
at io.restassured.internal.ResponseSpecificationImpl.body(ResponseSpecificationImpl.groovy:261)
at io.restassured.specification.ResponseSpecification$body$1.callCurrent(Unknown Source)
at io.restassured.internal.ResponseSpecificationImpl.body(ResponseSpecificationImpl.groovy:108)
at io.restassured.internal.ValidatableResponseOptionsImpl.body(ValidatableResponseOptionsImpl.java:244)
at io.restassured.internal.ValidatableResponseImpl.super$2$body(ValidatableResponseImpl.groovy)
at groovy.lang.MetaMethod.doMethodInvoke(MetaMethod.java:323)
at groovy.lang.MetaClassImpl.invokeMethod(MetaClassImpl.java:1268)
at org.codehaus.groovy.runtime.ScriptBytecodeAdapter.invokeMethodOnSuperN(ScriptBytecodeAdapter.java:144)
at io.restassured.internal.ValidatableResponseImpl.body(ValidatableResponseImpl.groovy:298)
at io.restassured.internal.ValidatableResponseImpl.body(ValidatableResponseImpl.groovy)
at com.chefaa.bestbuy.test.GetProductsTest.testProductsCountIsValid(GetProductsTest.java:37)
... Removed 50 stack frames]]>
    </failure>
  </testcase> <!-- testProductsCountIsValid -->
  <testcase name="testProductsCountWithLimitIsValid" time="0.521" classname="com.chefaa.bestbuy.test.GetProductsTest"/>
  <testcase name="testResoponseIsOk" time="0.313" classname="com.chefaa.bestbuy.test.GetProductsTest"/>
</testsuite> <!-- Command line test -->
